<?xml version="1.0" encoding="UTF-8"?>
<!-- Generated by org.testng.reporters.JUnitReportReporter -->
<testsuite hostname="LakshmananE" failures="0" tests="5" name="Practice.TestngDeom" time="0.078" errors="0" timestamp="2025-09-12T00:18:43 IST" skipped="0">
  <testcase classname="Practice.TestngDeom" name="modifyUser" time="0.007"/>
  <system-out/>
  <testcase classname="Practice.TestngDeom" name="creatUser" time="0.017"/>
  <system-out/>
  <testcase classname="Practice.TestngDeom" name="creatUser" time="0.040"/>
  <system-out/>
  <testcase classname="Practice.TestngDeom" name="creatUser" time="0.007"/>
  <system-out/>
  <testcase classname="Practice.TestngDeom" name="deleteUser" time="0.007"/>
  <system-out/>
</testsuite> <!-- Practice.TestngDeom -->
