<?xml version="1.0" encoding="UTF-8"?>
<!-- Generated by org.testng.reporters.JUnitReportReporter -->
<testsuite hostname="LakshmananE" failures="0" tests="5" name="Practice.drivingCar" time="0.041" errors="0" timestamp="2025-09-11T23:54:23 IST" skipped="0">
  <testcase classname="Practice.drivingCar" name="startTheEngine" time="0.028"/>
  <system-out/>
  <testcase classname="Practice.drivingCar" name="firstGear" time="0.003"/>
  <system-out/>
  <testcase classname="Practice.drivingCar" name="secondGear" time="0.003"/>
  <system-out/>
  <testcase classname="Practice.drivingCar" name="thirdGear" time="0.005"/>
  <system-out/>
  <testcase classname="Practice.drivingCar" name="fourGear" time="0.002"/>
  <system-out/>
</testsuite> <!-- Practice.drivingCar -->
