<?xml version="1.0" encoding="UTF-8"?>
<!-- Generated by org.testng.reporters.JUnitReportReporter -->
<testsuite hostname="LakshmananE" failures="0" tests="1" name="testCaseRepo.TC_006" time="25.611" errors="0" timestamp="2025-09-17T09:12:07 IST" skipped="0">
  <testcase classname="testCaseRepo.TC_006" name="CON_003" time="25.611"/>
  <system-out/>
</testsuite> <!-- testCaseRepo.TC_006 -->
