<?xml version="1.0" encoding="UTF-8"?>
<!-- Generated by org.testng.reporters.JUnitReportReporter -->
<testsuite hostname="LakshmananE" failures="0" tests="5" name="Practice.SkipedTestCase" time="0.060" errors="0" timestamp="2025-09-12T00:01:20 IST" skipped="0">
  <testcase classname="Practice.SkipedTestCase" name="startTheEngine" time="0.039"/>
  <system-out/>
  <testcase classname="Practice.SkipedTestCase" name="firstGear" time="0.012"/>
  <system-out/>
  <testcase classname="Practice.SkipedTestCase" name="secondGear" time="0.004"/>
  <system-out/>
  <testcase classname="Practice.SkipedTestCase" name="thirdGear" time="0.003"/>
  <system-out/>
  <testcase classname="Practice.SkipedTestCase" name="fourGear" time="0.002"/>
  <system-out/>
</testsuite> <!-- Practice.SkipedTestCase -->
