<?xml version="1.0" encoding="UTF-8"?>
<!-- Generated by org.testng.reporters.JUnitReportReporter -->
<testsuite hostname="LakshmananE" failures="0" tests="3" name="Practice.RetryAnalyzerPractice" time="0.034" errors="0" timestamp="2025-09-11T23:47:10 IST" skipped="2">
  <testcase classname="Practice.RetryAnalyzerPractice" name="demo" time="0.029">
    <skipped/>
  </testcase> <!-- demo -->
  <system-out/>
  <testcase classname="Practice.RetryAnalyzerPractice" name="demo" time="0.003">
    <skipped/>
  </testcase> <!-- demo -->
  <system-out/>
  <testcase classname="Practice.RetryAnalyzerPractice" name="demo" time="0.002"/>
  <system-out/>
</testsuite> <!-- Practice.RetryAnalyzerPractice -->
