<?xml version="1.0" encoding="UTF-8"?>
<!-- Generated by org.testng.reporters.JUnitReportReporter -->
<testsuite hostname="LakshmananE" failures="0" tests="1" name="testCaseRepo.TC_005" time="34.341" errors="0" timestamp="2025-09-17T09:12:07 IST" skipped="0">
  <testcase classname="testCaseRepo.TC_005" name="CON_002" time="34.341"/>
  <system-out/>
</testsuite> <!-- testCaseRepo.TC_005 -->
