<?xml version="1.0" encoding="UTF-8"?>
<!-- Generated by org.testng.reporters.JUnitReportReporter -->
<testsuite hostname="LakshmananE" failures="0" tests="2" name="Practice.TC_004" time="0.201" errors="1" timestamp="2025-09-02T10:37:31 IST" skipped="1">
  <testcase classname="Practice.TC_004" name="loginOperation" time="0.201">
    <error type="java.lang.StackOverflowError">
      <![CDATA[java.lang.StackOverflowError
at ObjectRepo.LoginPage.getPaaswordTextField(LoginPage.java:37)
at ObjectRepo.LoginPage.getPaaswordTextField(LoginPage.java:37)
at ObjectRepo.LoginPage.getPaaswordTextField(LoginPage.java:37)
at ObjectRepo.LoginPage.getPaaswordTextField(LoginPage.java:37)
at ObjectRepo.LoginPage.getPaaswordTextField(LoginPage.java:37)
at ObjectRepo.LoginPage.getPaaswordTextField(LoginPage.java:37)
at ObjectRepo.LoginPage.getPaaswordTextField(LoginPage.java:37)
at ObjectRepo.LoginPage.getPaaswordTextField(LoginPage.java:37)
at ObjectRepo.LoginPage.getPaaswordTextField(LoginPage.java:37)
at ObjectRepo.LoginPage.getPaaswordTextField(LoginPage.java:37)
at ObjectRepo.LoginPage.getPaaswordTextField(LoginPage.java:37)
at ObjectRepo.LoginPage.getPaaswordTextField(LoginPage.java:37)
at ObjectRepo.LoginPage.getPaaswordTextField(LoginPage.java:37)
at ObjectRepo.LoginPage.getPaaswordTextField(LoginPage.java:37)
at ObjectRepo.LoginPage.getPaaswordTextField(LoginPage.java:37)
at ObjectRepo.LoginPage.getPaaswordTextField(LoginPage.java:37)
at ObjectRepo.LoginPage.getPaaswordTextField(LoginPage.java:37)
at ObjectRepo.LoginPage.getPaaswordTextField(LoginPage.java:37)
at ObjectRepo.LoginPage.getPaaswordTextField(LoginPage.java:37)
at ObjectRepo.LoginPage.getPaaswordTextField(LoginPage.java:37)
at ObjectRepo.LoginPage.getPaaswordTextField(LoginPage.java:37)
at ObjectRepo.LoginPage.getPaaswordTextField(LoginPage.java:37)
at ObjectRepo.LoginPage.getPaaswordTextField(LoginPage.java:37)
at ObjectRepo.LoginPage.getPaaswordTextField(LoginPage.java:37)
at ObjectRepo.LoginPage.getPaaswordTextField(LoginPage.java:37)
at ObjectRepo.LoginPage.getPaaswordTextField(LoginPage.java:37)
at ObjectRepo.LoginPage.getPaaswordTextField(LoginPage.java:37)
at ObjectRepo.LoginPage.getPaaswordTextField(LoginPage.java:37)
at ObjectRepo.LoginPage.getPaaswordTextField(LoginPage.java:37)
at ObjectRepo.LoginPage.getPaaswordTextField(LoginPage.java:37)
at ObjectRepo.LoginPage.getPaaswordTextField(LoginPage.java:37)
at ObjectRepo.LoginPage.getPaaswordTextField(LoginPage.java:37)
at ObjectRepo.LoginPage.getPaaswordTextField(LoginPage.java:37)
at ObjectRepo.LoginPage.getPaaswordTextField(LoginPage.java:37)
at ObjectRepo.LoginPage.getPaaswordTextField(LoginPage.java:37)
at ObjectRepo.LoginPage.getPaaswordTextField(LoginPage.java:37)
at ObjectRepo.LoginPage.getPaaswordTextField(LoginPage.java:37)
at ObjectRepo.LoginPage.getPaaswordTextField(LoginPage.java:37)
at ObjectRepo.LoginPage.getPaaswordTextField(LoginPage.java:37)
at ObjectRepo.LoginPage.getPaaswordTextField(LoginPage.java:37)
at ObjectRepo.LoginPage.getPaaswordTextField(LoginPage.java:37)
at ObjectRepo.LoginPage.getPaaswordTextField(LoginPage.java:37)
at ObjectRepo.LoginPage.getPaaswordTextField(LoginPage.java:37)
at ObjectRepo.LoginPage.getPaaswordTextField(LoginPage.java:37)
at ObjectRepo.LoginPage.getPaaswordTextField(LoginPage.java:37)
at ObjectRepo.LoginPage.getPaaswordTextField(LoginPage.java:37)
at ObjectRepo.LoginPage.getPaaswordTextField(LoginPage.java:37)
at ObjectRepo.LoginPage.getPaaswordTextField(LoginPage.java:37)
at ObjectRepo.LoginPage.getPaaswordTextField(LoginPage.java:37)
at ObjectRepo.LoginPage.getPaaswordTextField(LoginPage.java:37)
at ObjectRepo.LoginPage.getPaaswordTextField(LoginPage.java:37)
at ObjectRepo.LoginPage.getPaaswordTextField(LoginPage.java:37)
at ObjectRepo.LoginPage.getPaaswordTextField(LoginPage.java:37)
at ObjectRepo.LoginPage.getPaaswordTextField(LoginPage.java:37)
at ObjectRepo.LoginPage.getPaaswordTextField(LoginPage.java:37)
at ObjectRepo.LoginPage.getPaaswordTextField(LoginPage.java:37)
at ObjectRepo.LoginPage.getPaaswordTextField(LoginPage.java:37)
at ObjectRepo.LoginPage.getPaaswordTextField(LoginPage.java:37)
at ObjectRepo.LoginPage.getPaaswordTextField(LoginPage.java:37)
at ObjectRepo.LoginPage.getPaaswordTextField(LoginPage.java:37)
at ObjectRepo.LoginPage.getPaaswordTextField(LoginPage.java:37)
at ObjectRepo.LoginPage.getPaaswordTextField(LoginPage.java:37)
at ObjectRepo.LoginPage.getPaaswordTextField(LoginPage.java:37)
at ObjectRepo.LoginPage.getPaaswordTextField(LoginPage.java:37)
at ObjectRepo.LoginPage.getPaaswordTextField(LoginPage.java:37)
at ObjectRepo.LoginPage.getPaaswordTextField(LoginPage.java:37)
at ObjectRepo.LoginPage.getPaaswordTextField(LoginPage.java:37)
at ObjectRepo.LoginPage.getPaaswordTextField(LoginPage.java:37)
at ObjectRepo.LoginPage.getPaaswordTextField(LoginPage.java:37)
at ObjectRepo.LoginPage.getPaaswordTextField(LoginPage.java:37)
at ObjectRepo.LoginPage.getPaaswordTextField(LoginPage.java:37)
at ObjectRepo.LoginPage.getPaaswordTextField(LoginPage.java:37)
at ObjectRepo.LoginPage.getPaaswordTextField(LoginPage.java:37)
at ObjectRepo.LoginPage.getPaaswordTextField(LoginPage.java:37)
at ObjectRepo.LoginPage.getPaaswordTextField(LoginPage.java:37)
at ObjectRepo.LoginPage.getPaaswordTextField(LoginPage.java:37)
at ObjectRepo.LoginPage.getPaaswordTextField(LoginPage.java:37)
at ObjectRepo.LoginPage.getPaaswordTextField(LoginPage.java:37)
at ObjectRepo.LoginPage.getPaaswordTextField(LoginPage.java:37)
at ObjectRepo.LoginPage.getPaaswordTextField(LoginPage.java:37)
at ObjectRepo.LoginPage.getPaaswordTextField(LoginPage.java:37)
at ObjectRepo.LoginPage.getPaaswordTextField(LoginPage.java:37)
at ObjectRepo.LoginPage.getPaaswordTextField(LoginPage.java:37)
at ObjectRepo.LoginPage.getPaaswordTextField(LoginPage.java:37)
at ObjectRepo.LoginPage.getPaaswordTextField(LoginPage.java:37)
at ObjectRepo.LoginPage.getPaaswordTextField(LoginPage.java:37)
at ObjectRepo.LoginPage.getPaaswordTextField(LoginPage.java:37)
at ObjectRepo.LoginPage.getPaaswordTextField(LoginPage.java:37)
at ObjectRepo.LoginPage.getPaaswordTextField(LoginPage.java:37)
at ObjectRepo.LoginPage.getPaaswordTextField(LoginPage.java:37)
at ObjectRepo.LoginPage.getPaaswordTextField(LoginPage.java:37)
at ObjectRepo.LoginPage.getPaaswordTextField(LoginPage.java:37)
at ObjectRepo.LoginPage.getPaaswordTextField(LoginPage.java:37)
at ObjectRepo.LoginPage.getPaaswordTextField(LoginPage.java:37)
at ObjectRepo.LoginPage.getPaaswordTextField(LoginPage.java:37)
at ObjectRepo.LoginPage.getPaaswordTextField(LoginPage.java:37)
at ObjectRepo.LoginPage.getPaaswordTextField(LoginPage.java:37)
at ObjectRepo.LoginPage.getPaaswordTextField(LoginPage.java:37)
at ObjectRepo.LoginPage.getPaaswordTextField(LoginPage.java:37)
at ObjectRepo.LoginPage.getPaaswordTextField(LoginPage.java:37)
at ObjectRepo.LoginPage.getPaaswordTextField(LoginPage.java:37)
at ObjectRepo.LoginPage.getPaaswordTextField(LoginPage.java:37)
at ObjectRepo.LoginPage.getPaaswordTextField(LoginPage.java:37)
at ObjectRepo.LoginPage.getPaaswordTextField(LoginPage.java:37)
at ObjectRepo.LoginPage.getPaaswordTextField(LoginPage.java:37)
at ObjectRepo.LoginPage.getPaaswordTextField(LoginPage.java:37)
at ObjectRepo.LoginPage.getPaaswordTextField(LoginPage.java:37)
at ObjectRepo.LoginPage.getPaaswordTextField(LoginPage.java:37)
at ObjectRepo.LoginPage.getPaaswordTextField(LoginPage.java:37)
at ObjectRepo.LoginPage.getPaaswordTextField(LoginPage.java:37)
at ObjectRepo.LoginPage.getPaaswordTextField(LoginPage.java:37)
at ObjectRepo.LoginPage.getPaaswordTextField(LoginPage.java:37)
at ObjectRepo.LoginPage.getPaaswordTextField(LoginPage.java:37)
at ObjectRepo.LoginPage.getPaaswordTextField(LoginPage.java:37)
at ObjectRepo.LoginPage.getPaaswordTextField(LoginPage.java:37)
at ObjectRepo.LoginPage.getPaaswordTextField(LoginPage.java:37)
at ObjectRepo.LoginPage.getPaaswordTextField(LoginPage.java:37)
at ObjectRepo.LoginPage.getPaaswordTextField(LoginPage.java:37)
at ObjectRepo.LoginPage.getPaaswordTextField(LoginPage.java:37)
at ObjectRepo.LoginPage.getPaaswordTextField(LoginPage.java:37)
at ObjectRepo.LoginPage.getPaaswordTextField(LoginPage.java:37)
at ObjectRepo.LoginPage.getPaaswordTextField(LoginPage.java:37)
at ObjectRepo.LoginPage.getPaaswordTextField(LoginPage.java:37)
at ObjectRepo.LoginPage.getPaaswordTextField(LoginPage.java:37)
at ObjectRepo.LoginPage.getPaaswordTextField(LoginPage.java:37)
at ObjectRepo.LoginPage.getPaaswordTextField(LoginPage.java:37)
at ObjectRepo.LoginPage.getPaaswordTextField(LoginPage.java:37)
at ObjectRepo.LoginPage.getPaaswordTextField(LoginPage.java:37)
at ObjectRepo.LoginPage.getPaaswordTextField(LoginPage.java:37)
at ObjectRepo.LoginPage.getPaaswordTextField(LoginPage.java:37)
at ObjectRepo.LoginPage.getPaaswordTextField(LoginPage.java:37)
at ObjectRepo.LoginPage.getPaaswordTextField(LoginPage.java:37)
at ObjectRepo.LoginPage.getPaaswordTextField(LoginPage.java:37)
at ObjectRepo.LoginPage.getPaaswordTextField(LoginPage.java:37)
at ObjectRepo.LoginPage.getPaaswordTextField(LoginPage.java:37)
at ObjectRepo.LoginPage.getPaaswordTextField(LoginPage.java:37)
at ObjectRepo.LoginPage.getPaaswordTextField(LoginPage.java:37)
at ObjectRepo.LoginPage.getPaaswordTextField(LoginPage.java:37)
at ObjectRepo.LoginPage.getPaaswordTextField(LoginPage.java:37)
at ObjectRepo.LoginPage.getPaaswordTextField(LoginPage.java:37)
at ObjectRepo.LoginPage.getPaaswordTextField(LoginPage.java:37)
at ObjectRepo.LoginPage.getPaaswordTextField(LoginPage.java:37)
at ObjectRepo.LoginPage.getPaaswordTextField(LoginPage.java:37)
at ObjectRepo.LoginPage.getPaaswordTextField(LoginPage.java:37)
at ObjectRepo.LoginPage.getPaaswordTextField(LoginPage.java:37)
at ObjectRepo.LoginPage.getPaaswordTextField(LoginPage.java:37)
at ObjectRepo.LoginPage.getPaaswordTextField(LoginPage.java:37)
at ObjectRepo.LoginPage.getPaaswordTextField(LoginPage.java:37)
at ObjectRepo.LoginPage.getPaaswordTextField(LoginPage.java:37)
at ObjectRepo.LoginPage.getPaaswordTextField(LoginPage.java:37)
at ObjectRepo.LoginPage.getPaaswordTextField(LoginPage.java:37)
at ObjectRepo.LoginPage.getPaaswordTextField(LoginPage.java:37)
at ObjectRepo.LoginPage.getPaaswordTextField(LoginPage.java:37)
at ObjectRepo.LoginPage.getPaaswordTextField(LoginPage.java:37)
at ObjectRepo.LoginPage.getPaaswordTextField(LoginPage.java:37)
at ObjectRepo.LoginPage.getPaaswordTextField(LoginPage.java:37)
at ObjectRepo.LoginPage.getPaaswordTextField(LoginPage.java:37)
at ObjectRepo.LoginPage.getPaaswordTextField(LoginPage.java:37)
at ObjectRepo.LoginPage.getPaaswordTextField(LoginPage.java:37)
at ObjectRepo.LoginPage.getPaaswordTextField(LoginPage.java:37)
at ObjectRepo.LoginPage.getPaaswordTextField(LoginPage.java:37)
at ObjectRepo.LoginPage.getPaaswordTextField(LoginPage.java:37)
at ObjectRepo.LoginPage.getPaaswordTextField(LoginPage.java:37)
at ObjectRepo.LoginPage.getPaaswordTextField(LoginPage.java:37)
at ObjectRepo.LoginPage.getPaaswordTextField(LoginPage.java:37)
at ObjectRepo.LoginPage.getPaaswordTextField(LoginPage.java:37)
at ObjectRepo.LoginPage.getPaaswordTextField(LoginPage.java:37)
at ObjectRepo.LoginPage.getPaaswordTextField(LoginPage.java:37)
at ObjectRepo.LoginPage.getPaaswordTextField(LoginPage.java:37)
at ObjectRepo.LoginPage.getPaaswordTextField(LoginPage.java:37)
at ObjectRepo.LoginPage.getPaaswordTextField(LoginPage.java:37)
at ObjectRepo.LoginPage.getPaaswordTextField(LoginPage.java:37)
at ObjectRepo.LoginPage.getPaaswordTextField(LoginPage.java:37)
at ObjectRepo.LoginPage.getPaaswordTextField(LoginPage.java:37)
at ObjectRepo.LoginPage.getPaaswordTextField(LoginPage.java:37)
at ObjectRepo.LoginPage.getPaaswordTextField(LoginPage.java:37)
at ObjectRepo.LoginPage.getPaaswordTextField(LoginPage.java:37)
at ObjectRepo.LoginPage.getPaaswordTextField(LoginPage.java:37)
at ObjectRepo.LoginPage.getPaaswordTextField(LoginPage.java:37)
at ObjectRepo.LoginPage.getPaaswordTextField(LoginPage.java:37)
at ObjectRepo.LoginPage.getPaaswordTextField(LoginPage.java:37)
at ObjectRepo.LoginPage.getPaaswordTextField(LoginPage.java:37)
at ObjectRepo.LoginPage.getPaaswordTextField(LoginPage.java:37)
at ObjectRepo.LoginPage.getPaaswordTextField(LoginPage.java:37)
at ObjectRepo.LoginPage.getPaaswordTextField(LoginPage.java:37)
at ObjectRepo.LoginPage.getPaaswordTextField(LoginPage.java:37)
at ObjectRepo.LoginPage.getPaaswordTextField(LoginPage.java:37)
at ObjectRepo.LoginPage.getPaaswordTextField(LoginPage.java:37)
at ObjectRepo.LoginPage.getPaaswordTextField(LoginPage.java:37)
at ObjectRepo.LoginPage.getPaaswordTextField(LoginPage.java:37)
at ObjectRepo.LoginPage.getPaaswordTextField(LoginPage.java:37)
at ObjectRepo.LoginPage.getPaaswordTextField(LoginPage.java:37)
at ObjectRepo.LoginPage.getPaaswordTextField(LoginPage.java:37)
at ObjectRepo.LoginPage.getPaaswordTextField(LoginPage.java:37)
at ObjectRepo.LoginPage.getPaaswordTextField(LoginPage.java:37)
at ObjectRepo.LoginPage.getPaaswordTextField(LoginPage.java:37)
at ObjectRepo.LoginPage.getPaaswordTextField(LoginPage.java:37)
at ObjectRepo.LoginPage.getPaaswordTextField(LoginPage.java:37)
at ObjectRepo.LoginPage.getPaaswordTextField(LoginPage.java:37)
at ObjectRepo.LoginPage.getPaaswordTextField(LoginPage.java:37)
at ObjectRepo.LoginPage.getPaaswordTextField(LoginPage.java:37)
at ObjectRepo.LoginPage.getPaaswordTextField(LoginPage.java:37)
at ObjectRepo.LoginPage.getPaaswordTextField(LoginPage.java:37)
at ObjectRepo.LoginPage.getPaaswordTextField(LoginPage.java:37)
at ObjectRepo.LoginPage.getPaaswordTextField(LoginPage.java:37)
at ObjectRepo.LoginPage.getPaaswordTextField(LoginPage.java:37)
at ObjectRepo.LoginPage.getPaaswordTextField(LoginPage.java:37)
at ObjectRepo.LoginPage.getPaaswordTextField(LoginPage.java:37)
at ObjectRepo.LoginPage.getPaaswordTextField(LoginPage.java:37)
at ObjectRepo.LoginPage.getPaaswordTextField(LoginPage.java:37)
at ObjectRepo.LoginPage.getPaaswordTextField(LoginPage.java:37)
at ObjectRepo.LoginPage.getPaaswordTextField(LoginPage.java:37)
at ObjectRepo.LoginPage.getPaaswordTextField(LoginPage.java:37)
at ObjectRepo.LoginPage.getPaaswordTextField(LoginPage.java:37)
at ObjectRepo.LoginPage.getPaaswordTextField(LoginPage.java:37)
at ObjectRepo.LoginPage.getPaaswordTextField(LoginPage.java:37)
at ObjectRepo.LoginPage.getPaaswordTextField(LoginPage.java:37)
at ObjectRepo.LoginPage.getPaaswordTextField(LoginPage.java:37)
at ObjectRepo.LoginPage.getPaaswordTextField(LoginPage.java:37)
at ObjectRepo.LoginPage.getPaaswordTextField(LoginPage.java:37)
at ObjectRepo.LoginPage.getPaaswordTextField(LoginPage.java:37)
at ObjectRepo.LoginPage.getPaaswordTextField(LoginPage.java:37)
at ObjectRepo.LoginPage.getPaaswordTextField(LoginPage.java:37)
at ObjectRepo.LoginPage.getPaaswordTextField(LoginPage.java:37)
at ObjectRepo.LoginPage.getPaaswordTextField(LoginPage.java:37)
at ObjectRepo.LoginPage.getPaaswordTextField(LoginPage.java:37)
at ObjectRepo.LoginPage.getPaaswordTextField(LoginPage.java:37)
at ObjectRepo.LoginPage.getPaaswordTextField(LoginPage.java:37)
at ObjectRepo.LoginPage.getPaaswordTextField(LoginPage.java:37)
at ObjectRepo.LoginPage.getPaaswordTextField(LoginPage.java:37)
at ObjectRepo.LoginPage.getPaaswordTextField(LoginPage.java:37)
at ObjectRepo.LoginPage.getPaaswordTextField(LoginPage.java:37)
at ObjectRepo.LoginPage.getPaaswordTextField(LoginPage.java:37)
at ObjectRepo.LoginPage.getPaaswordTextField(LoginPage.java:37)
at ObjectRepo.LoginPage.getPaaswordTextField(LoginPage.java:37)
at ObjectRepo.LoginPage.getPaaswordTextField(LoginPage.java:37)
at ObjectRepo.LoginPage.getPaaswordTextField(LoginPage.java:37)
at ObjectRepo.LoginPage.getPaaswordTextField(LoginPage.java:37)
at ObjectRepo.LoginPage.getPaaswordTextField(LoginPage.java:37)
at ObjectRepo.LoginPage.getPaaswordTextField(LoginPage.java:37)
at ObjectRepo.LoginPage.getPaaswordTextField(LoginPage.java:37)
at ObjectRepo.LoginPage.getPaaswordTextField(LoginPage.java:37)
at ObjectRepo.LoginPage.getPaaswordTextField(LoginPage.java:37)
at ObjectRepo.LoginPage.getPaaswordTextField(LoginPage.java:37)
at ObjectRepo.LoginPage.getPaaswordTextField(LoginPage.java:37)
at ObjectRepo.LoginPage.getPaaswordTextField(LoginPage.java:37)
at ObjectRepo.LoginPage.getPaaswordTextField(LoginPage.java:37)
at ObjectRepo.LoginPage.getPaaswordTextField(LoginPage.java:37)
at ObjectRepo.LoginPage.getPaaswordTextField(LoginPage.java:37)
at ObjectRepo.LoginPage.getPaaswordTextField(LoginPage.java:37)
at ObjectRepo.LoginPage.getPaaswordTextField(LoginPage.java:37)
at ObjectRepo.LoginPage.getPaaswordTextField(LoginPage.java:37)
at ObjectRepo.LoginPage.getPaaswordTextField(LoginPage.java:37)
at ObjectRepo.LoginPage.getPaaswordTextField(LoginPage.java:37)
at ObjectRepo.LoginPage.getPaaswordTextField(LoginPage.java:37)
at ObjectRepo.LoginPage.getPaaswordTextField(LoginPage.java:37)
at ObjectRepo.LoginPage.getPaaswordTextField(LoginPage.java:37)
at ObjectRepo.LoginPage.getPaaswordTextField(LoginPage.java:37)
at ObjectRepo.LoginPage.getPaaswordTextField(LoginPage.java:37)
at ObjectRepo.LoginPage.getPaaswordTextField(LoginPage.java:37)
at ObjectRepo.LoginPage.getPaaswordTextField(LoginPage.java:37)
at ObjectRepo.LoginPage.getPaaswordTextField(LoginPage.java:37)
at ObjectRepo.LoginPage.getPaaswordTextField(LoginPage.java:37)
at ObjectRepo.LoginPage.getPaaswordTextField(LoginPage.java:37)
at ObjectRepo.LoginPage.getPaaswordTextField(LoginPage.java:37)
at ObjectRepo.LoginPage.getPaaswordTextField(LoginPage.java:37)
at ObjectRepo.LoginPage.getPaaswordTextField(LoginPage.java:37)
at ObjectRepo.LoginPage.getPaaswordTextField(LoginPage.java:37)
at ObjectRepo.LoginPage.getPaaswordTextField(LoginPage.java:37)
at ObjectRepo.LoginPage.getPaaswordTextField(LoginPage.java:37)
at ObjectRepo.LoginPage.getPaaswordTextField(LoginPage.java:37)
at ObjectRepo.LoginPage.getPaaswordTextField(LoginPage.java:37)
at ObjectRepo.LoginPage.getPaaswordTextField(LoginPage.java:37)
at ObjectRepo.LoginPage.getPaaswordTextField(LoginPage.java:37)
at ObjectRepo.LoginPage.getPaaswordTextField(LoginPage.java:37)
at ObjectRepo.LoginPage.getPaaswordTextField(LoginPage.java:37)
at ObjectRepo.LoginPage.getPaaswordTextField(LoginPage.java:37)
at ObjectRepo.LoginPage.getPaaswordTextField(LoginPage.java:37)
at ObjectRepo.LoginPage.getPaaswordTextField(LoginPage.java:37)
at ObjectRepo.LoginPage.getPaaswordTextField(LoginPage.java:37)
at ObjectRepo.LoginPage.getPaaswordTextField(LoginPage.java:37)
at ObjectRepo.LoginPage.getPaaswordTextField(LoginPage.java:37)
at ObjectRepo.LoginPage.getPaaswordTextField(LoginPage.java:37)
at ObjectRepo.LoginPage.getPaaswordTextField(LoginPage.java:37)
at ObjectRepo.LoginPage.getPaaswordTextField(LoginPage.java:37)
at ObjectRepo.LoginPage.getPaaswordTextField(LoginPage.java:37)
at ObjectRepo.LoginPage.getPaaswordTextField(LoginPage.java:37)
at ObjectRepo.LoginPage.getPaaswordTextField(LoginPage.java:37)
at ObjectRepo.LoginPage.getPaaswordTextField(LoginPage.java:37)
at ObjectRepo.LoginPage.getPaaswordTextField(LoginPage.java:37)
at ObjectRepo.LoginPage.getPaaswordTextField(LoginPage.java:37)
at ObjectRepo.LoginPage.getPaaswordTextField(LoginPage.java:37)
at ObjectRepo.LoginPage.getPaaswordTextField(LoginPage.java:37)
at ObjectRepo.LoginPage.getPaaswordTextField(LoginPage.java:37)
at ObjectRepo.LoginPage.getPaaswordTextField(LoginPage.java:37)
at ObjectRepo.LoginPage.getPaaswordTextField(LoginPage.java:37)
at ObjectRepo.LoginPage.getPaaswordTextField(LoginPage.java:37)
at ObjectRepo.LoginPage.getPaaswordTextField(LoginPage.java:37)
at ObjectRepo.LoginPage.getPaaswordTextField(LoginPage.java:37)
at ObjectRepo.LoginPage.getPaaswordTextField(LoginPage.java:37)
at ObjectRepo.LoginPage.getPaaswordTextField(LoginPage.java:37)
at ObjectRepo.LoginPage.getPaaswordTextField(LoginPage.java:37)
at ObjectRepo.LoginPage.getPaaswordTextField(LoginPage.java:37)
at ObjectRepo.LoginPage.getPaaswordTextField(LoginPage.java:37)
at ObjectRepo.LoginPage.getPaaswordTextField(LoginPage.java:37)
at ObjectRepo.LoginPage.getPaaswordTextField(LoginPage.java:37)
at ObjectRepo.LoginPage.getPaaswordTextField(LoginPage.java:37)
at ObjectRepo.LoginPage.getPaaswordTextField(LoginPage.java:37)
at ObjectRepo.LoginPage.getPaaswordTextField(LoginPage.java:37)
at ObjectRepo.LoginPage.getPaaswordTextField(LoginPage.java:37)
at ObjectRepo.LoginPage.getPaaswordTextField(LoginPage.java:37)
at ObjectRepo.LoginPage.getPaaswordTextField(LoginPage.java:37)
at ObjectRepo.LoginPage.getPaaswordTextField(LoginPage.java:37)
at ObjectRepo.LoginPage.getPaaswordTextField(LoginPage.java:37)
at ObjectRepo.LoginPage.getPaaswordTextField(LoginPage.java:37)
at ObjectRepo.LoginPage.getPaaswordTextField(LoginPage.java:37)
at ObjectRepo.LoginPage.getPaaswordTextField(LoginPage.java:37)
at ObjectRepo.LoginPage.getPaaswordTextField(LoginPage.java:37)
at ObjectRepo.LoginPage.getPaaswordTextField(LoginPage.java:37)
at ObjectRepo.LoginPage.getPaaswordTextField(LoginPage.java:37)
at ObjectRepo.LoginPage.getPaaswordTextField(LoginPage.java:37)
at ObjectRepo.LoginPage.getPaaswordTextField(LoginPage.java:37)
at ObjectRepo.LoginPage.getPaaswordTextField(LoginPage.java:37)
at ObjectRepo.LoginPage.getPaaswordTextField(LoginPage.java:37)
at ObjectRepo.LoginPage.getPaaswordTextField(LoginPage.java:37)
at ObjectRepo.LoginPage.getPaaswordTextField(LoginPage.java:37)
at ObjectRepo.LoginPage.getPaaswordTextField(LoginPage.java:37)
at ObjectRepo.LoginPage.getPaaswordTextField(LoginPage.java:37)
at ObjectRepo.LoginPage.getPaaswordTextField(LoginPage.java:37)
at ObjectRepo.LoginPage.getPaaswordTextField(LoginPage.java:37)
at ObjectRepo.LoginPage.getPaaswordTextField(LoginPage.java:37)
at ObjectRepo.LoginPage.getPaaswordTextField(LoginPage.java:37)
at ObjectRepo.LoginPage.getPaaswordTextField(LoginPage.java:37)
at ObjectRepo.LoginPage.getPaaswordTextField(LoginPage.java:37)
at ObjectRepo.LoginPage.getPaaswordTextField(LoginPage.java:37)
at ObjectRepo.LoginPage.getPaaswordTextField(LoginPage.java:37)
at ObjectRepo.LoginPage.getPaaswordTextField(LoginPage.java:37)
at ObjectRepo.LoginPage.getPaaswordTextField(LoginPage.java:37)
at ObjectRepo.LoginPage.getPaaswordTextField(LoginPage.java:37)
at ObjectRepo.LoginPage.getPaaswordTextField(LoginPage.java:37)
at ObjectRepo.LoginPage.getPaaswordTextField(LoginPage.java:37)
at ObjectRepo.LoginPage.getPaaswordTextField(LoginPage.java:37)
at ObjectRepo.LoginPage.getPaaswordTextField(LoginPage.java:37)
at ObjectRepo.LoginPage.getPaaswordTextField(LoginPage.java:37)
at ObjectRepo.LoginPage.getPaaswordTextField(LoginPage.java:37)
at ObjectRepo.LoginPage.getPaaswordTextField(LoginPage.java:37)
at ObjectRepo.LoginPage.getPaaswordTextField(LoginPage.java:37)
at ObjectRepo.LoginPage.getPaaswordTextField(LoginPage.java:37)
at ObjectRepo.LoginPage.getPaaswordTextField(LoginPage.java:37)
at ObjectRepo.LoginPage.getPaaswordTextField(LoginPage.java:37)
at ObjectRepo.LoginPage.getPaaswordTextField(LoginPage.java:37)
at ObjectRepo.LoginPage.getPaaswordTextField(LoginPage.java:37)
at ObjectRepo.LoginPage.getPaaswordTextField(LoginPage.java:37)
at ObjectRepo.LoginPage.getPaaswordTextField(LoginPage.java:37)
at ObjectRepo.LoginPage.getPaaswordTextField(LoginPage.java:37)
at ObjectRepo.LoginPage.getPaaswordTextField(LoginPage.java:37)
at ObjectRepo.LoginPage.getPaaswordTextField(LoginPage.java:37)
at ObjectRepo.LoginPage.getPaaswordTextField(LoginPage.java:37)
at ObjectRepo.LoginPage.getPaaswordTextField(LoginPage.java:37)
at ObjectRepo.LoginPage.getPaaswordTextField(LoginPage.java:37)
at ObjectRepo.LoginPage.getPaaswordTextField(LoginPage.java:37)
at ObjectRepo.LoginPage.getPaaswordTextField(LoginPage.java:37)
at ObjectRepo.LoginPage.getPaaswordTextField(LoginPage.java:37)
at ObjectRepo.LoginPage.getPaaswordTextField(LoginPage.java:37)
at ObjectRepo.LoginPage.getPaaswordTextField(LoginPage.java:37)
at ObjectRepo.LoginPage.getPaaswordTextField(LoginPage.java:37)
at ObjectRepo.LoginPage.getPaaswordTextField(LoginPage.java:37)
at ObjectRepo.LoginPage.getPaaswordTextField(LoginPage.java:37)
at ObjectRepo.LoginPage.getPaaswordTextField(LoginPage.java:37)
at ObjectRepo.LoginPage.getPaaswordTextField(LoginPage.java:37)
at ObjectRepo.LoginPage.getPaaswordTextField(LoginPage.java:37)
at ObjectRepo.LoginPage.getPaaswordTextField(LoginPage.java:37)
at ObjectRepo.LoginPage.getPaaswordTextField(LoginPage.java:37)
at ObjectRepo.LoginPage.getPaaswordTextField(LoginPage.java:37)
at ObjectRepo.LoginPage.getPaaswordTextField(LoginPage.java:37)
at ObjectRepo.LoginPage.getPaaswordTextField(LoginPage.java:37)
at ObjectRepo.LoginPage.getPaaswordTextField(LoginPage.java:37)
at ObjectRepo.LoginPage.getPaaswordTextField(LoginPage.java:37)
at ObjectRepo.LoginPage.getPaaswordTextField(LoginPage.java:37)
at ObjectRepo.LoginPage.getPaaswordTextField(LoginPage.java:37)
at ObjectRepo.LoginPage.getPaaswordTextField(LoginPage.java:37)
at ObjectRepo.LoginPage.getPaaswordTextField(LoginPage.java:37)
at ObjectRepo.LoginPage.getPaaswordTextField(LoginPage.java:37)
at ObjectRepo.LoginPage.getPaaswordTextField(LoginPage.java:37)
at ObjectRepo.LoginPage.getPaaswordTextField(LoginPage.java:37)
at ObjectRepo.LoginPage.getPaaswordTextField(LoginPage.java:37)
at ObjectRepo.LoginPage.getPaaswordTextField(LoginPage.java:37)
at ObjectRepo.LoginPage.getPaaswordTextField(LoginPage.java:37)
at ObjectRepo.LoginPage.getPaaswordTextField(LoginPage.java:37)
at ObjectRepo.LoginPage.getPaaswordTextField(LoginPage.java:37)
at ObjectRepo.LoginPage.getPaaswordTextField(LoginPage.java:37)
at ObjectRepo.LoginPage.getPaaswordTextField(LoginPage.java:37)
at ObjectRepo.LoginPage.getPaaswordTextField(LoginPage.java:37)
at ObjectRepo.LoginPage.getPaaswordTextField(LoginPage.java:37)
at ObjectRepo.LoginPage.getPaaswordTextField(LoginPage.java:37)
at ObjectRepo.LoginPage.getPaaswordTextField(LoginPage.java:37)
at ObjectRepo.LoginPage.getPaaswordTextField(LoginPage.java:37)
at ObjectRepo.LoginPage.getPaaswordTextField(LoginPage.java:37)
at ObjectRepo.LoginPage.getPaaswordTextField(LoginPage.java:37)
at ObjectRepo.LoginPage.getPaaswordTextField(LoginPage.java:37)
at ObjectRepo.LoginPage.getPaaswordTextField(LoginPage.java:37)
at ObjectRepo.LoginPage.getPaaswordTextField(LoginPage.java:37)
at ObjectRepo.LoginPage.getPaaswordTextField(LoginPage.java:37)
at ObjectRepo.LoginPage.getPaaswordTextField(LoginPage.java:37)
at ObjectRepo.LoginPage.getPaaswordTextField(LoginPage.java:37)
at ObjectRepo.LoginPage.getPaaswordTextField(LoginPage.java:37)
at ObjectRepo.LoginPage.getPaaswordTextField(LoginPage.java:37)
at ObjectRepo.LoginPage.getPaaswordTextField(LoginPage.java:37)
at ObjectRepo.LoginPage.getPaaswordTextField(LoginPage.java:37)
at ObjectRepo.LoginPage.getPaaswordTextField(LoginPage.java:37)
at ObjectRepo.LoginPage.getPaaswordTextField(LoginPage.java:37)
at ObjectRepo.LoginPage.getPaaswordTextField(LoginPage.java:37)
at ObjectRepo.LoginPage.getPaaswordTextField(LoginPage.java:37)
at ObjectRepo.LoginPage.getPaaswordTextField(LoginPage.java:37)
at ObjectRepo.LoginPage.getPaaswordTextField(LoginPage.java:37)
at ObjectRepo.LoginPage.getPaaswordTextField(LoginPage.java:37)
at ObjectRepo.LoginPage.getPaaswordTextField(LoginPage.java:37)
at ObjectRepo.LoginPage.getPaaswordTextField(LoginPage.java:37)
at ObjectRepo.LoginPage.getPaaswordTextField(LoginPage.java:37)
at ObjectRepo.LoginPage.getPaaswordTextField(LoginPage.java:37)
at ObjectRepo.LoginPage.getPaaswordTextField(LoginPage.java:37)
at ObjectRepo.LoginPage.getPaaswordTextField(LoginPage.java:37)
at ObjectRepo.LoginPage.getPaaswordTextField(LoginPage.java:37)
at ObjectRepo.LoginPage.getPaaswordTextField(LoginPage.java:37)
at ObjectRepo.LoginPage.getPaaswordTextField(LoginPage.java:37)
at ObjectRepo.LoginPage.getPaaswordTextField(LoginPage.java:37)
at ObjectRepo.LoginPage.getPaaswordTextField(LoginPage.java:37)
at ObjectRepo.LoginPage.getPaaswordTextField(LoginPage.java:37)
at ObjectRepo.LoginPage.getPaaswordTextField(LoginPage.java:37)
at ObjectRepo.LoginPage.getPaaswordTextField(LoginPage.java:37)
at ObjectRepo.LoginPage.getPaaswordTextField(LoginPage.java:37)
at ObjectRepo.LoginPage.getPaaswordTextField(LoginPage.java:37)
at ObjectRepo.LoginPage.getPaaswordTextField(LoginPage.java:37)
at ObjectRepo.LoginPage.getPaaswordTextField(LoginPage.java:37)
at ObjectRepo.LoginPage.getPaaswordTextField(LoginPage.java:37)
at ObjectRepo.LoginPage.getPaaswordTextField(LoginPage.java:37)
at ObjectRepo.LoginPage.getPaaswordTextField(LoginPage.java:37)
at ObjectRepo.LoginPage.getPaaswordTextField(LoginPage.java:37)
at ObjectRepo.LoginPage.getPaaswordTextField(LoginPage.java:37)
at ObjectRepo.LoginPage.getPaaswordTextField(LoginPage.java:37)
at ObjectRepo.LoginPage.getPaaswordTextField(LoginPage.java:37)
at ObjectRepo.LoginPage.getPaaswordTextField(LoginPage.java:37)
at ObjectRepo.LoginPage.getPaaswordTextField(LoginPage.java:37)
at ObjectRepo.LoginPage.getPaaswordTextField(LoginPage.java:37)
at ObjectRepo.LoginPage.getPaaswordTextField(LoginPage.java:37)
at ObjectRepo.LoginPage.getPaaswordTextField(LoginPage.java:37)
at ObjectRepo.LoginPage.getPaaswordTextField(LoginPage.java:37)
at ObjectRepo.LoginPage.getPaaswordTextField(LoginPage.java:37)
at ObjectRepo.LoginPage.getPaaswordTextField(LoginPage.java:37)
at ObjectRepo.LoginPage.getPaaswordTextField(LoginPage.java:37)
at ObjectRepo.LoginPage.getPaaswordTextField(LoginPage.java:37)
at ObjectRepo.LoginPage.getPaaswordTextField(LoginPage.java:37)
at ObjectRepo.LoginPage.getPaaswordTextField(LoginPage.java:37)
at ObjectRepo.LoginPage.getPaaswordTextField(LoginPage.java:37)
at ObjectRepo.LoginPage.getPaaswordTextField(LoginPage.java:37)
at ObjectRepo.LoginPage.getPaaswordTextField(LoginPage.java:37)
at ObjectRepo.LoginPage.getPaaswordTextField(LoginPage.java:37)
at ObjectRepo.LoginPage.getPaaswordTextField(LoginPage.java:37)
at ObjectRepo.LoginPage.getPaaswordTextField(LoginPage.java:37)
at ObjectRepo.LoginPage.getPaaswordTextField(LoginPage.java:37)
at ObjectRepo.LoginPage.getPaaswordTextField(LoginPage.java:37)
at ObjectRepo.LoginPage.getPaaswordTextField(LoginPage.java:37)
at ObjectRepo.LoginPage.getPaaswordTextField(LoginPage.java:37)
at ObjectRepo.LoginPage.getPaaswordTextField(LoginPage.java:37)
at ObjectRepo.LoginPage.getPaaswordTextField(LoginPage.java:37)
at ObjectRepo.LoginPage.getPaaswordTextField(LoginPage.java:37)
at ObjectRepo.LoginPage.getPaaswordTextField(LoginPage.java:37)
at ObjectRepo.LoginPage.getPaaswordTextField(LoginPage.java:37)
at ObjectRepo.LoginPage.getPaaswordTextField(LoginPage.java:37)
at ObjectRepo.LoginPage.getPaaswordTextField(LoginPage.java:37)
at ObjectRepo.LoginPage.getPaaswordTextField(LoginPage.java:37)
at ObjectRepo.LoginPage.getPaaswordTextField(LoginPage.java:37)
at ObjectRepo.LoginPage.getPaaswordTextField(LoginPage.java:37)
at ObjectRepo.LoginPage.getPaaswordTextField(LoginPage.java:37)
at ObjectRepo.LoginPage.getPaaswordTextField(LoginPage.java:37)
at ObjectRepo.LoginPage.getPaaswordTextField(LoginPage.java:37)
at ObjectRepo.LoginPage.getPaaswordTextField(LoginPage.java:37)
at ObjectRepo.LoginPage.getPaaswordTextField(LoginPage.java:37)
at ObjectRepo.LoginPage.getPaaswordTextField(LoginPage.java:37)
at ObjectRepo.LoginPage.getPaaswordTextField(LoginPage.java:37)
at ObjectRepo.LoginPage.getPaaswordTextField(LoginPage.java:37)
at ObjectRepo.LoginPage.getPaaswordTextField(LoginPage.java:37)
at ObjectRepo.LoginPage.getPaaswordTextField(LoginPage.java:37)
at ObjectRepo.LoginPage.getPaaswordTextField(LoginPage.java:37)
at ObjectRepo.LoginPage.getPaaswordTextField(LoginPage.java:37)
at ObjectRepo.LoginPage.getPaaswordTextField(LoginPage.java:37)
at ObjectRepo.LoginPage.getPaaswordTextField(LoginPage.java:37)
at ObjectRepo.LoginPage.getPaaswordTextField(LoginPage.java:37)
at ObjectRepo.LoginPage.getPaaswordTextField(LoginPage.java:37)
at ObjectRepo.LoginPage.getPaaswordTextField(LoginPage.java:37)
at ObjectRepo.LoginPage.getPaaswordTextField(LoginPage.java:37)
at ObjectRepo.LoginPage.getPaaswordTextField(LoginPage.java:37)
at ObjectRepo.LoginPage.getPaaswordTextField(LoginPage.java:37)
at ObjectRepo.LoginPage.getPaaswordTextField(LoginPage.java:37)
at ObjectRepo.LoginPage.getPaaswordTextField(LoginPage.java:37)
at ObjectRepo.LoginPage.getPaaswordTextField(LoginPage.java:37)
at ObjectRepo.LoginPage.getPaaswordTextField(LoginPage.java:37)
at ObjectRepo.LoginPage.getPaaswordTextField(LoginPage.java:37)
at ObjectRepo.LoginPage.getPaaswordTextField(LoginPage.java:37)
at ObjectRepo.LoginPage.getPaaswordTextField(LoginPage.java:37)
at ObjectRepo.LoginPage.getPaaswordTextField(LoginPage.java:37)
at ObjectRepo.LoginPage.getPaaswordTextField(LoginPage.java:37)
at ObjectRepo.LoginPage.getPaaswordTextField(LoginPage.java:37)
at ObjectRepo.LoginPage.getPaaswordTextField(LoginPage.java:37)
at ObjectRepo.LoginPage.getPaaswordTextField(LoginPage.java:37)
at ObjectRepo.LoginPage.getPaaswordTextField(LoginPage.java:37)
at ObjectRepo.LoginPage.getPaaswordTextField(LoginPage.java:37)
at ObjectRepo.LoginPage.getPaaswordTextField(LoginPage.java:37)
at ObjectRepo.LoginPage.getPaaswordTextField(LoginPage.java:37)
at ObjectRepo.LoginPage.getPaaswordTextField(LoginPage.java:37)
at ObjectRepo.LoginPage.getPaaswordTextField(LoginPage.java:37)
at ObjectRepo.LoginPage.getPaaswordTextField(LoginPage.java:37)
at ObjectRepo.LoginPage.getPaaswordTextField(LoginPage.java:37)
at ObjectRepo.LoginPage.getPaaswordTextField(LoginPage.java:37)
at ObjectRepo.LoginPage.getPaaswordTextField(LoginPage.java:37)
at ObjectRepo.LoginPage.getPaaswordTextField(LoginPage.java:37)
at ObjectRepo.LoginPage.getPaaswordTextField(LoginPage.java:37)
at ObjectRepo.LoginPage.getPaaswordTextField(LoginPage.java:37)
at ObjectRepo.LoginPage.getPaaswordTextField(LoginPage.java:37)
at ObjectRepo.LoginPage.getPaaswordTextField(LoginPage.java:37)
at ObjectRepo.LoginPage.getPaaswordTextField(LoginPage.java:37)
at ObjectRepo.LoginPage.getPaaswordTextField(LoginPage.java:37)
at ObjectRepo.LoginPage.getPaaswordTextField(LoginPage.java:37)
at ObjectRepo.LoginPage.getPaaswordTextField(LoginPage.java:37)
at ObjectRepo.LoginPage.getPaaswordTextField(LoginPage.java:37)
at ObjectRepo.LoginPage.getPaaswordTextField(LoginPage.java:37)
at ObjectRepo.LoginPage.getPaaswordTextField(LoginPage.java:37)
at ObjectRepo.LoginPage.getPaaswordTextField(LoginPage.java:37)
at ObjectRepo.LoginPage.getPaaswordTextField(LoginPage.java:37)
at ObjectRepo.LoginPage.getPaaswordTextField(LoginPage.java:37)
at ObjectRepo.LoginPage.getPaaswordTextField(LoginPage.java:37)
at ObjectRepo.LoginPage.getPaaswordTextField(LoginPage.java:37)
at ObjectRepo.LoginPage.getPaaswordTextField(LoginPage.java:37)
at ObjectRepo.LoginPage.getPaaswordTextField(LoginPage.java:37)
at ObjectRepo.LoginPage.getPaaswordTextField(LoginPage.java:37)
at ObjectRepo.LoginPage.getPaaswordTextField(LoginPage.java:37)
at ObjectRepo.LoginPage.getPaaswordTextField(LoginPage.java:37)
at ObjectRepo.LoginPage.getPaaswordTextField(LoginPage.java:37)
at ObjectRepo.LoginPage.getPaaswordTextField(LoginPage.java:37)
at ObjectRepo.LoginPage.getPaaswordTextField(LoginPage.java:37)
at ObjectRepo.LoginPage.getPaaswordTextField(LoginPage.java:37)
at ObjectRepo.LoginPage.getPaaswordTextField(LoginPage.java:37)
at ObjectRepo.LoginPage.getPaaswordTextField(LoginPage.java:37)
at ObjectRepo.LoginPage.getPaaswordTextField(LoginPage.java:37)
at ObjectRepo.LoginPage.getPaaswordTextField(LoginPage.java:37)
at ObjectRepo.LoginPage.getPaaswordTextField(LoginPage.java:37)
at ObjectRepo.LoginPage.getPaaswordTextField(LoginPage.java:37)
at ObjectRepo.LoginPage.getPaaswordTextField(LoginPage.java:37)
at ObjectRepo.LoginPage.getPaaswordTextField(LoginPage.java:37)
at ObjectRepo.LoginPage.getPaaswordTextField(LoginPage.java:37)
at ObjectRepo.LoginPage.getPaaswordTextField(LoginPage.java:37)
at ObjectRepo.LoginPage.getPaaswordTextField(LoginPage.java:37)
at ObjectRepo.LoginPage.getPaaswordTextField(LoginPage.java:37)
at ObjectRepo.LoginPage.getPaaswordTextField(LoginPage.java:37)
at ObjectRepo.LoginPage.getPaaswordTextField(LoginPage.java:37)
at ObjectRepo.LoginPage.getPaaswordTextField(LoginPage.java:37)
at ObjectRepo.LoginPage.getPaaswordTextField(LoginPage.java:37)
at ObjectRepo.LoginPage.getPaaswordTextField(LoginPage.java:37)
at ObjectRepo.LoginPage.getPaaswordTextField(LoginPage.java:37)
at ObjectRepo.LoginPage.getPaaswordTextField(LoginPage.java:37)
at ObjectRepo.LoginPage.getPaaswordTextField(LoginPage.java:37)
at ObjectRepo.LoginPage.getPaaswordTextField(LoginPage.java:37)
at ObjectRepo.LoginPage.getPaaswordTextField(LoginPage.java:37)
at ObjectRepo.LoginPage.getPaaswordTextField(LoginPage.java:37)
at ObjectRepo.LoginPage.getPaaswordTextField(LoginPage.java:37)
at ObjectRepo.LoginPage.getPaaswordTextField(LoginPage.java:37)
at ObjectRepo.LoginPage.getPaaswordTextField(LoginPage.java:37)
at ObjectRepo.LoginPage.getPaaswordTextField(LoginPage.java:37)
at ObjectRepo.LoginPage.getPaaswordTextField(LoginPage.java:37)
at ObjectRepo.LoginPage.getPaaswordTextField(LoginPage.java:37)
at ObjectRepo.LoginPage.getPaaswordTextField(LoginPage.java:37)
at ObjectRepo.LoginPage.getPaaswordTextField(LoginPage.java:37)
at ObjectRepo.LoginPage.getPaaswordTextField(LoginPage.java:37)
at ObjectRepo.LoginPage.getPaaswordTextField(LoginPage.java:37)
at ObjectRepo.LoginPage.getPaaswordTextField(LoginPage.java:37)
at ObjectRepo.LoginPage.getPaaswordTextField(LoginPage.java:37)
at ObjectRepo.LoginPage.getPaaswordTextField(LoginPage.java:37)
at ObjectRepo.LoginPage.getPaaswordTextField(LoginPage.java:37)
at ObjectRepo.LoginPage.getPaaswordTextField(LoginPage.java:37)
at ObjectRepo.LoginPage.getPaaswordTextField(LoginPage.java:37)
at ObjectRepo.LoginPage.getPaaswordTextField(LoginPage.java:37)
at ObjectRepo.LoginPage.getPaaswordTextField(LoginPage.java:37)
at ObjectRepo.LoginPage.getPaaswordTextField(LoginPage.java:37)
at ObjectRepo.LoginPage.getPaaswordTextField(LoginPage.java:37)
at ObjectRepo.LoginPage.getPaaswordTextField(LoginPage.java:37)
at ObjectRepo.LoginPage.getPaaswordTextField(LoginPage.java:37)
at ObjectRepo.LoginPage.getPaaswordTextField(LoginPage.java:37)
at ObjectRepo.LoginPage.getPaaswordTextField(LoginPage.java:37)
at ObjectRepo.LoginPage.getPaaswordTextField(LoginPage.java:37)
at ObjectRepo.LoginPage.getPaaswordTextField(LoginPage.java:37)
at ObjectRepo.LoginPage.getPaaswordTextField(LoginPage.java:37)
at ObjectRepo.LoginPage.getPaaswordTextField(LoginPage.java:37)
at ObjectRepo.LoginPage.getPaaswordTextField(LoginPage.java:37)
at ObjectRepo.LoginPage.getPaaswordTextField(LoginPage.java:37)
at ObjectRepo.LoginPage.getPaaswordTextField(LoginPage.java:37)
at ObjectRepo.LoginPage.getPaaswordTextField(LoginPage.java:37)
at ObjectRepo.LoginPage.getPaaswordTextField(LoginPage.java:37)
at ObjectRepo.LoginPage.getPaaswordTextField(LoginPage.java:37)
at ObjectRepo.LoginPage.getPaaswordTextField(LoginPage.java:37)
at ObjectRepo.LoginPage.getPaaswordTextField(LoginPage.java:37)
at ObjectRepo.LoginPage.getPaaswordTextField(LoginPage.java:37)
at ObjectRepo.LoginPage.getPaaswordTextField(LoginPage.java:37)
at ObjectRepo.LoginPage.getPaaswordTextField(LoginPage.java:37)
at ObjectRepo.LoginPage.getPaaswordTextField(LoginPage.java:37)
at ObjectRepo.LoginPage.getPaaswordTextField(LoginPage.java:37)
at ObjectRepo.LoginPage.getPaaswordTextField(LoginPage.java:37)
at ObjectRepo.LoginPage.getPaaswordTextField(LoginPage.java:37)
at ObjectRepo.LoginPage.getPaaswordTextField(LoginPage.java:37)
at ObjectRepo.LoginPage.getPaaswordTextField(LoginPage.java:37)
at ObjectRepo.LoginPage.getPaaswordTextField(LoginPage.java:37)
at ObjectRepo.LoginPage.getPaaswordTextField(LoginPage.java:37)
at ObjectRepo.LoginPage.getPaaswordTextField(LoginPage.java:37)
at ObjectRepo.LoginPage.getPaaswordTextField(LoginPage.java:37)
at ObjectRepo.LoginPage.getPaaswordTextField(LoginPage.java:37)
at ObjectRepo.LoginPage.getPaaswordTextField(LoginPage.java:37)
at ObjectRepo.LoginPage.getPaaswordTextField(LoginPage.java:37)
at ObjectRepo.LoginPage.getPaaswordTextField(LoginPage.java:37)
at ObjectRepo.LoginPage.getPaaswordTextField(LoginPage.java:37)
at ObjectRepo.LoginPage.getPaaswordTextField(LoginPage.java:37)
at ObjectRepo.LoginPage.getPaaswordTextField(LoginPage.java:37)
at ObjectRepo.LoginPage.getPaaswordTextField(LoginPage.java:37)
at ObjectRepo.LoginPage.getPaaswordTextField(LoginPage.java:37)
at ObjectRepo.LoginPage.getPaaswordTextField(LoginPage.java:37)
at ObjectRepo.LoginPage.getPaaswordTextField(LoginPage.java:37)
at ObjectRepo.LoginPage.getPaaswordTextField(LoginPage.java:37)
at ObjectRepo.LoginPage.getPaaswordTextField(LoginPage.java:37)
at ObjectRepo.LoginPage.getPaaswordTextField(LoginPage.java:37)
at ObjectRepo.LoginPage.getPaaswordTextField(LoginPage.java:37)
at ObjectRepo.LoginPage.getPaaswordTextField(LoginPage.java:37)
at ObjectRepo.LoginPage.getPaaswordTextField(LoginPage.java:37)
at ObjectRepo.LoginPage.getPaaswordTextField(LoginPage.java:37)
at ObjectRepo.LoginPage.getPaaswordTextField(LoginPage.java:37)
at ObjectRepo.LoginPage.getPaaswordTextField(LoginPage.java:37)
at ObjectRepo.LoginPage.getPaaswordTextField(LoginPage.java:37)
at ObjectRepo.LoginPage.getPaaswordTextField(LoginPage.java:37)
at ObjectRepo.LoginPage.getPaaswordTextField(LoginPage.java:37)
at ObjectRepo.LoginPage.getPaaswordTextField(LoginPage.java:37)
at ObjectRepo.LoginPage.getPaaswordTextField(LoginPage.java:37)
at ObjectRepo.LoginPage.getPaaswordTextField(LoginPage.java:37)
at ObjectRepo.LoginPage.getPaaswordTextField(LoginPage.java:37)
at ObjectRepo.LoginPage.getPaaswordTextField(LoginPage.java:37)
at ObjectRepo.LoginPage.getPaaswordTextField(LoginPage.java:37)
at ObjectRepo.LoginPage.getPaaswordTextField(LoginPage.java:37)
at ObjectRepo.LoginPage.getPaaswordTextField(LoginPage.java:37)
at ObjectRepo.LoginPage.getPaaswordTextField(LoginPage.java:37)
at ObjectRepo.LoginPage.getPaaswordTextField(LoginPage.java:37)
at ObjectRepo.LoginPage.getPaaswordTextField(LoginPage.java:37)
at ObjectRepo.LoginPage.getPaaswordTextField(LoginPage.java:37)
at ObjectRepo.LoginPage.getPaaswordTextField(LoginPage.java:37)
at ObjectRepo.LoginPage.getPaaswordTextField(LoginPage.java:37)
at ObjectRepo.LoginPage.getPaaswordTextField(LoginPage.java:37)
at ObjectRepo.LoginPage.getPaaswordTextField(LoginPage.java:37)
at ObjectRepo.LoginPage.getPaaswordTextField(LoginPage.java:37)
at ObjectRepo.LoginPage.getPaaswordTextField(LoginPage.java:37)
at ObjectRepo.LoginPage.getPaaswordTextField(LoginPage.java:37)
at ObjectRepo.LoginPage.getPaaswordTextField(LoginPage.java:37)
at ObjectRepo.LoginPage.getPaaswordTextField(LoginPage.java:37)
at ObjectRepo.LoginPage.getPaaswordTextField(LoginPage.java:37)
at ObjectRepo.LoginPage.getPaaswordTextField(LoginPage.java:37)
at ObjectRepo.LoginPage.getPaaswordTextField(LoginPage.java:37)
at ObjectRepo.LoginPage.getPaaswordTextField(LoginPage.java:37)
at ObjectRepo.LoginPage.getPaaswordTextField(LoginPage.java:37)
at ObjectRepo.LoginPage.getPaaswordTextField(LoginPage.java:37)
at ObjectRepo.LoginPage.getPaaswordTextField(LoginPage.java:37)
at ObjectRepo.LoginPage.getPaaswordTextField(LoginPage.java:37)
at ObjectRepo.LoginPage.getPaaswordTextField(LoginPage.java:37)
at ObjectRepo.LoginPage.getPaaswordTextField(LoginPage.java:37)
at ObjectRepo.LoginPage.getPaaswordTextField(LoginPage.java:37)
at ObjectRepo.LoginPage.getPaaswordTextField(LoginPage.java:37)
at ObjectRepo.LoginPage.getPaaswordTextField(LoginPage.java:37)
at ObjectRepo.LoginPage.getPaaswordTextField(LoginPage.java:37)
at ObjectRepo.LoginPage.getPaaswordTextField(LoginPage.java:37)
at ObjectRepo.LoginPage.getPaaswordTextField(LoginPage.java:37)
at ObjectRepo.LoginPage.getPaaswordTextField(LoginPage.java:37)
at ObjectRepo.LoginPage.getPaaswordTextField(LoginPage.java:37)
at ObjectRepo.LoginPage.getPaaswordTextField(LoginPage.java:37)
at ObjectRepo.LoginPage.getPaaswordTextField(LoginPage.java:37)
at ObjectRepo.LoginPage.getPaaswordTextField(LoginPage.java:37)
at ObjectRepo.LoginPage.getPaaswordTextField(LoginPage.java:37)
at ObjectRepo.LoginPage.getPaaswordTextField(LoginPage.java:37)
at ObjectRepo.LoginPage.getPaaswordTextField(LoginPage.java:37)
at ObjectRepo.LoginPage.getPaaswordTextField(LoginPage.java:37)
at ObjectRepo.LoginPage.getPaaswordTextField(LoginPage.java:37)
at ObjectRepo.LoginPage.getPaaswordTextField(LoginPage.java:37)
at ObjectRepo.LoginPage.getPaaswordTextField(LoginPage.java:37)
at ObjectRepo.LoginPage.getPaaswordTextField(LoginPage.java:37)
at ObjectRepo.LoginPage.getPaaswordTextField(LoginPage.java:37)
at ObjectRepo.LoginPage.getPaaswordTextField(LoginPage.java:37)
at ObjectRepo.LoginPage.getPaaswordTextField(LoginPage.java:37)
at ObjectRepo.LoginPage.getPaaswordTextField(LoginPage.java:37)
at ObjectRepo.LoginPage.getPaaswordTextField(LoginPage.java:37)
at ObjectRepo.LoginPage.getPaaswordTextField(LoginPage.java:37)
at ObjectRepo.LoginPage.getPaaswordTextField(LoginPage.java:37)
at ObjectRepo.LoginPage.getPaaswordTextField(LoginPage.java:37)
at ObjectRepo.LoginPage.getPaaswordTextField(LoginPage.java:37)
at ObjectRepo.LoginPage.getPaaswordTextField(LoginPage.java:37)
at ObjectRepo.LoginPage.getPaaswordTextField(LoginPage.java:37)
at ObjectRepo.LoginPage.getPaaswordTextField(LoginPage.java:37)
at ObjectRepo.LoginPage.getPaaswordTextField(LoginPage.java:37)
at ObjectRepo.LoginPage.getPaaswordTextField(LoginPage.java:37)
at ObjectRepo.LoginPage.getPaaswordTextField(LoginPage.java:37)
at ObjectRepo.LoginPage.getPaaswordTextField(LoginPage.java:37)
at ObjectRepo.LoginPage.getPaaswordTextField(LoginPage.java:37)
at ObjectRepo.LoginPage.getPaaswordTextField(LoginPage.java:37)
at ObjectRepo.LoginPage.getPaaswordTextField(LoginPage.java:37)
at ObjectRepo.LoginPage.getPaaswordTextField(LoginPage.java:37)
at ObjectRepo.LoginPage.getPaaswordTextField(LoginPage.java:37)
at ObjectRepo.LoginPage.getPaaswordTextField(LoginPage.java:37)
at ObjectRepo.LoginPage.getPaaswordTextField(LoginPage.java:37)
at ObjectRepo.LoginPage.getPaaswordTextField(LoginPage.java:37)
at ObjectRepo.LoginPage.getPaaswordTextField(LoginPage.java:37)
at ObjectRepo.LoginPage.getPaaswordTextField(LoginPage.java:37)
at ObjectRepo.LoginPage.getPaaswordTextField(LoginPage.java:37)
at ObjectRepo.LoginPage.getPaaswordTextField(LoginPage.java:37)
at ObjectRepo.LoginPage.getPaaswordTextField(LoginPage.java:37)
at ObjectRepo.LoginPage.getPaaswordTextField(LoginPage.java:37)
at ObjectRepo.LoginPage.getPaaswordTextField(LoginPage.java:37)
at ObjectRepo.LoginPage.getPaaswordTextField(LoginPage.java:37)
at ObjectRepo.LoginPage.getPaaswordTextField(LoginPage.java:37)
at ObjectRepo.LoginPage.getPaaswordTextField(LoginPage.java:37)
at ObjectRepo.LoginPage.getPaaswordTextField(LoginPage.java:37)
at ObjectRepo.LoginPage.getPaaswordTextField(LoginPage.java:37)
at ObjectRepo.LoginPage.getPaaswordTextField(LoginPage.java:37)
at ObjectRepo.LoginPage.getPaaswordTextField(LoginPage.java:37)
at ObjectRepo.LoginPage.getPaaswordTextField(LoginPage.java:37)
at ObjectRepo.LoginPage.getPaaswordTextField(LoginPage.java:37)
at ObjectRepo.LoginPage.getPaaswordTextField(LoginPage.java:37)
at ObjectRepo.LoginPage.getPaaswordTextField(LoginPage.java:37)
at ObjectRepo.LoginPage.getPaaswordTextField(LoginPage.java:37)
at ObjectRepo.LoginPage.getPaaswordTextField(LoginPage.java:37)
at ObjectRepo.LoginPage.getPaaswordTextField(LoginPage.java:37)
at ObjectRepo.LoginPage.getPaaswordTextField(LoginPage.java:37)
at ObjectRepo.LoginPage.getPaaswordTextField(LoginPage.java:37)
at ObjectRepo.LoginPage.getPaaswordTextField(LoginPage.java:37)
at ObjectRepo.LoginPage.getPaaswordTextField(LoginPage.java:37)
at ObjectRepo.LoginPage.getPaaswordTextField(LoginPage.java:37)
at ObjectRepo.LoginPage.getPaaswordTextField(LoginPage.java:37)
at ObjectRepo.LoginPage.getPaaswordTextField(LoginPage.java:37)
at ObjectRepo.LoginPage.getPaaswordTextField(LoginPage.java:37)
at ObjectRepo.LoginPage.getPaaswordTextField(LoginPage.java:37)
at ObjectRepo.LoginPage.getPaaswordTextField(LoginPage.java:37)
at ObjectRepo.LoginPage.getPaaswordTextField(LoginPage.java:37)
at ObjectRepo.LoginPage.getPaaswordTextField(LoginPage.java:37)
at ObjectRepo.LoginPage.getPaaswordTextField(LoginPage.java:37)
at ObjectRepo.LoginPage.getPaaswordTextField(LoginPage.java:37)
at ObjectRepo.LoginPage.getPaaswordTextField(LoginPage.java:37)
at ObjectRepo.LoginPage.getPaaswordTextField(LoginPage.java:37)
at ObjectRepo.LoginPage.getPaaswordTextField(LoginPage.java:37)
at ObjectRepo.LoginPage.getPaaswordTextField(LoginPage.java:37)
at ObjectRepo.LoginPage.getPaaswordTextField(LoginPage.java:37)
at ObjectRepo.LoginPage.getPaaswordTextField(LoginPage.java:37)
at ObjectRepo.LoginPage.getPaaswordTextField(LoginPage.java:37)
at ObjectRepo.LoginPage.getPaaswordTextField(LoginPage.java:37)
at ObjectRepo.LoginPage.getPaaswordTextField(LoginPage.java:37)
at ObjectRepo.LoginPage.getPaaswordTextField(LoginPage.java:37)
at ObjectRepo.LoginPage.getPaaswordTextField(LoginPage.java:37)
at ObjectRepo.LoginPage.getPaaswordTextField(LoginPage.java:37)
at ObjectRepo.LoginPage.getPaaswordTextField(LoginPage.java:37)
at ObjectRepo.LoginPage.getPaaswordTextField(LoginPage.java:37)
at ObjectRepo.LoginPage.getPaaswordTextField(LoginPage.java:37)
at ObjectRepo.LoginPage.getPaaswordTextField(LoginPage.java:37)
at ObjectRepo.LoginPage.getPaaswordTextField(LoginPage.java:37)
at ObjectRepo.LoginPage.getPaaswordTextField(LoginPage.java:37)
at ObjectRepo.LoginPage.getPaaswordTextField(LoginPage.java:37)
at ObjectRepo.LoginPage.getPaaswordTextField(LoginPage.java:37)
at ObjectRepo.LoginPage.getPaaswordTextField(LoginPage.java:37)
at ObjectRepo.LoginPage.getPaaswordTextField(LoginPage.java:37)
at ObjectRepo.LoginPage.getPaaswordTextField(LoginPage.java:37)
at ObjectRepo.LoginPage.getPaaswordTextField(LoginPage.java:37)
at ObjectRepo.LoginPage.getPaaswordTextField(LoginPage.java:37)
at ObjectRepo.LoginPage.getPaaswordTextField(LoginPage.java:37)
at ObjectRepo.LoginPage.getPaaswordTextField(LoginPage.java:37)
at ObjectRepo.LoginPage.getPaaswordTextField(LoginPage.java:37)
at ObjectRepo.LoginPage.getPaaswordTextField(LoginPage.java:37)
at ObjectRepo.LoginPage.getPaaswordTextField(LoginPage.java:37)
at ObjectRepo.LoginPage.getPaaswordTextField(LoginPage.java:37)
at ObjectRepo.LoginPage.getPaaswordTextField(LoginPage.java:37)
at ObjectRepo.LoginPage.getPaaswordTextField(LoginPage.java:37)
at ObjectRepo.LoginPage.getPaaswordTextField(LoginPage.java:37)
at ObjectRepo.LoginPage.getPaaswordTextField(LoginPage.java:37)
at ObjectRepo.LoginPage.getPaaswordTextField(LoginPage.java:37)
at ObjectRepo.LoginPage.getPaaswordTextField(LoginPage.java:37)
at ObjectRepo.LoginPage.getPaaswordTextField(LoginPage.java:37)
at ObjectRepo.LoginPage.getPaaswordTextField(LoginPage.java:37)
at ObjectRepo.LoginPage.getPaaswordTextField(LoginPage.java:37)
at ObjectRepo.LoginPage.getPaaswordTextField(LoginPage.java:37)
at ObjectRepo.LoginPage.getPaaswordTextField(LoginPage.java:37)
at ObjectRepo.LoginPage.getPaaswordTextField(LoginPage.java:37)
at ObjectRepo.LoginPage.getPaaswordTextField(LoginPage.java:37)
at ObjectRepo.LoginPage.getPaaswordTextField(LoginPage.java:37)
at ObjectRepo.LoginPage.getPaaswordTextField(LoginPage.java:37)
at ObjectRepo.LoginPage.getPaaswordTextField(LoginPage.java:37)
at ObjectRepo.LoginPage.getPaaswordTextField(LoginPage.java:37)
at ObjectRepo.LoginPage.getPaaswordTextField(LoginPage.java:37)
at ObjectRepo.LoginPage.getPaaswordTextField(LoginPage.java:37)
at ObjectRepo.LoginPage.getPaaswordTextField(LoginPage.java:37)
at ObjectRepo.LoginPage.getPaaswordTextField(LoginPage.java:37)
at ObjectRepo.LoginPage.getPaaswordTextField(LoginPage.java:37)
at ObjectRepo.LoginPage.getPaaswordTextField(LoginPage.java:37)
at ObjectRepo.LoginPage.getPaaswordTextField(LoginPage.java:37)
at ObjectRepo.LoginPage.getPaaswordTextField(LoginPage.java:37)
at ObjectRepo.LoginPage.getPaaswordTextField(LoginPage.java:37)
at ObjectRepo.LoginPage.getPaaswordTextField(LoginPage.java:37)
at ObjectRepo.LoginPage.getPaaswordTextField(LoginPage.java:37)
at ObjectRepo.LoginPage.getPaaswordTextField(LoginPage.java:37)
at ObjectRepo.LoginPage.getPaaswordTextField(LoginPage.java:37)
at ObjectRepo.LoginPage.getPaaswordTextField(LoginPage.java:37)
at ObjectRepo.LoginPage.getPaaswordTextField(LoginPage.java:37)
at ObjectRepo.LoginPage.getPaaswordTextField(LoginPage.java:37)
at ObjectRepo.LoginPage.getPaaswordTextField(LoginPage.java:37)
at ObjectRepo.LoginPage.getPaaswordTextField(LoginPage.java:37)
at ObjectRepo.LoginPage.getPaaswordTextField(LoginPage.java:37)
at ObjectRepo.LoginPage.getPaaswordTextField(LoginPage.java:37)
at ObjectRepo.LoginPage.getPaaswordTextField(LoginPage.java:37)
at ObjectRepo.LoginPage.getPaaswordTextField(LoginPage.java:37)
at ObjectRepo.LoginPage.getPaaswordTextField(LoginPage.java:37)
at ObjectRepo.LoginPage.getPaaswordTextField(LoginPage.java:37)
at ObjectRepo.LoginPage.getPaaswordTextField(LoginPage.java:37)
at ObjectRepo.LoginPage.getPaaswordTextField(LoginPage.java:37)
at ObjectRepo.LoginPage.getPaaswordTextField(LoginPage.java:37)
at ObjectRepo.LoginPage.getPaaswordTextField(LoginPage.java:37)
at ObjectRepo.LoginPage.getPaaswordTextField(LoginPage.java:37)
at ObjectRepo.LoginPage.getPaaswordTextField(LoginPage.java:37)
at ObjectRepo.LoginPage.getPaaswordTextField(LoginPage.java:37)
at ObjectRepo.LoginPage.getPaaswordTextField(LoginPage.java:37)
at ObjectRepo.LoginPage.getPaaswordTextField(LoginPage.java:37)
at ObjectRepo.LoginPage.getPaaswordTextField(LoginPage.java:37)
at ObjectRepo.LoginPage.getPaaswordTextField(LoginPage.java:37)
at ObjectRepo.LoginPage.getPaaswordTextField(LoginPage.java:37)
at ObjectRepo.LoginPage.getPaaswordTextField(LoginPage.java:37)
at ObjectRepo.LoginPage.getPaaswordTextField(LoginPage.java:37)
at ObjectRepo.LoginPage.getPaaswordTextField(LoginPage.java:37)
at ObjectRepo.LoginPage.getPaaswordTextField(LoginPage.java:37)
at ObjectRepo.LoginPage.getPaaswordTextField(LoginPage.java:37)
at ObjectRepo.LoginPage.getPaaswordTextField(LoginPage.java:37)
at ObjectRepo.LoginPage.getPaaswordTextField(LoginPage.java:37)
at ObjectRepo.LoginPage.getPaaswordTextField(LoginPage.java:37)
at ObjectRepo.LoginPage.getPaaswordTextField(LoginPage.java:37)
at ObjectRepo.LoginPage.getPaaswordTextField(LoginPage.java:37)
at ObjectRepo.LoginPage.getPaaswordTextField(LoginPage.java:37)
at ObjectRepo.LoginPage.getPaaswordTextField(LoginPage.java:37)
at ObjectRepo.LoginPage.getPaaswordTextField(LoginPage.java:37)
at ObjectRepo.LoginPage.getPaaswordTextField(LoginPage.java:37)
at ObjectRepo.LoginPage.getPaaswordTextField(LoginPage.java:37)
at ObjectRepo.LoginPage.getPaaswordTextField(LoginPage.java:37)
at ObjectRepo.LoginPage.getPaaswordTextField(LoginPage.java:37)
at ObjectRepo.LoginPage.getPaaswordTextField(LoginPage.java:37)
at ObjectRepo.LoginPage.getPaaswordTextField(LoginPage.java:37)
at ObjectRepo.LoginPage.getPaaswordTextField(LoginPage.java:37)
at ObjectRepo.LoginPage.getPaaswordTextField(LoginPage.java:37)
at ObjectRepo.LoginPage.getPaaswordTextField(LoginPage.java:37)
at ObjectRepo.LoginPage.getPaaswordTextField(LoginPage.java:37)
at ObjectRepo.LoginPage.getPaaswordTextField(LoginPage.java:37)
at ObjectRepo.LoginPage.getPaaswordTextField(LoginPage.java:37)
at ObjectRepo.LoginPage.getPaaswordTextField(LoginPage.java:37)
at ObjectRepo.LoginPage.getPaaswordTextField(LoginPage.java:37)
at ObjectRepo.LoginPage.getPaaswordTextField(LoginPage.java:37)
at ObjectRepo.LoginPage.getPaaswordTextField(LoginPage.java:37)
at ObjectRepo.LoginPage.getPaaswordTextField(LoginPage.java:37)
at ObjectRepo.LoginPage.getPaaswordTextField(LoginPage.java:37)
at ObjectRepo.LoginPage.getPaaswordTextField(LoginPage.java:37)
at ObjectRepo.LoginPage.getPaaswordTextField(LoginPage.java:37)
at ObjectRepo.LoginPage.getPaaswordTextField(LoginPage.java:37)
at ObjectRepo.LoginPage.getPaaswordTextField(LoginPage.java:37)
at ObjectRepo.LoginPage.getPaaswordTextField(LoginPage.java:37)
at ObjectRepo.LoginPage.getPaaswordTextField(LoginPage.java:37)
at ObjectRepo.LoginPage.getPaaswordTextField(LoginPage.java:37)
at ObjectRepo.LoginPage.getPaaswordTextField(LoginPage.java:37)
at ObjectRepo.LoginPage.getPaaswordTextField(LoginPage.java:37)
at ObjectRepo.LoginPage.getPaaswordTextField(LoginPage.java:37)
at ObjectRepo.LoginPage.getPaaswordTextField(LoginPage.java:37)
at ObjectRepo.LoginPage.getPaaswordTextField(LoginPage.java:37)
at ObjectRepo.LoginPage.getPaaswordTextField(LoginPage.java:37)
at ObjectRepo.LoginPage.getPaaswordTextField(LoginPage.java:37)
at ObjectRepo.LoginPage.getPaaswordTextField(LoginPage.java:37)
at ObjectRepo.LoginPage.getPaaswordTextField(LoginPage.java:37)
at ObjectRepo.LoginPage.getPaaswordTextField(LoginPage.java:37)
at ObjectRepo.LoginPage.getPaaswordTextField(LoginPage.java:37)
at ObjectRepo.LoginPage.getPaaswordTextField(LoginPage.java:37)
at ObjectRepo.LoginPage.getPaaswordTextField(LoginPage.java:37)
at ObjectRepo.LoginPage.getPaaswordTextField(LoginPage.java:37)
at ObjectRepo.LoginPage.getPaaswordTextField(LoginPage.java:37)
at ObjectRepo.LoginPage.getPaaswordTextField(LoginPage.java:37)
at ObjectRepo.LoginPage.getPaaswordTextField(LoginPage.java:37)
at ObjectRepo.LoginPage.getPaaswordTextField(LoginPage.java:37)
at ObjectRepo.LoginPage.getPaaswordTextField(LoginPage.java:37)
at ObjectRepo.LoginPage.getPaaswordTextField(LoginPage.java:37)
at ObjectRepo.LoginPage.getPaaswordTextField(LoginPage.java:37)
at ObjectRepo.LoginPage.getPaaswordTextField(LoginPage.java:37)
at ObjectRepo.LoginPage.getPaaswordTextField(LoginPage.java:37)
at ObjectRepo.LoginPage.getPaaswordTextField(LoginPage.java:37)
at ObjectRepo.LoginPage.getPaaswordTextField(LoginPage.java:37)
at ObjectRepo.LoginPage.getPaaswordTextField(LoginPage.java:37)
at ObjectRepo.LoginPage.getPaaswordTextField(LoginPage.java:37)
at ObjectRepo.LoginPage.getPaaswordTextField(LoginPage.java:37)
at ObjectRepo.LoginPage.getPaaswordTextField(LoginPage.java:37)
at ObjectRepo.LoginPage.getPaaswordTextField(LoginPage.java:37)
at ObjectRepo.LoginPage.getPaaswordTextField(LoginPage.java:37)
at ObjectRepo.LoginPage.getPaaswordTextField(LoginPage.java:37)
at ObjectRepo.LoginPage.getPaaswordTextField(LoginPage.java:37)
at ObjectRepo.LoginPage.getPaaswordTextField(LoginPage.java:37)
at ObjectRepo.LoginPage.getPaaswordTextField(LoginPage.java:37)
at ObjectRepo.LoginPage.getPaaswordTextField(LoginPage.java:37)
at ObjectRepo.LoginPage.getPaaswordTextField(LoginPage.java:37)
at ObjectRepo.LoginPage.getPaaswordTextField(LoginPage.java:37)
at ObjectRepo.LoginPage.getPaaswordTextField(LoginPage.java:37)
at ObjectRepo.LoginPage.getPaaswordTextField(LoginPage.java:37)
at ObjectRepo.LoginPage.getPaaswordTextField(LoginPage.java:37)
at ObjectRepo.LoginPage.getPaaswordTextField(LoginPage.java:37)
at ObjectRepo.LoginPage.getPaaswordTextField(LoginPage.java:37)
at ObjectRepo.LoginPage.getPaaswordTextField(LoginPage.java:37)
at ObjectRepo.LoginPage.getPaaswordTextField(LoginPage.java:37)
at ObjectRepo.LoginPage.getPaaswordTextField(LoginPage.java:37)
at ObjectRepo.LoginPage.getPaaswordTextField(LoginPage.java:37)
at ObjectRepo.LoginPage.getPaaswordTextField(LoginPage.java:37)
at ObjectRepo.LoginPage.getPaaswordTextField(LoginPage.java:37)
at ObjectRepo.LoginPage.getPaaswordTextField(LoginPage.java:37)
at ObjectRepo.LoginPage.getPaaswordTextField(LoginPage.java:37)
at ObjectRepo.LoginPage.getPaaswordTextField(LoginPage.java:37)
at ObjectRepo.LoginPage.getPaaswordTextField(LoginPage.java:37)
at ObjectRepo.LoginPage.getPaaswordTextField(LoginPage.java:37)
at ObjectRepo.LoginPage.getPaaswordTextField(LoginPage.java:37)
at ObjectRepo.LoginPage.getPaaswordTextField(LoginPage.java:37)
at ObjectRepo.LoginPage.getPaaswordTextField(LoginPage.java:37)
at ObjectRepo.LoginPage.getPaaswordTextField(LoginPage.java:37)
at ObjectRepo.LoginPage.getPaaswordTextField(LoginPage.java:37)
at ObjectRepo.LoginPage.getPaaswordTextField(LoginPage.java:37)
at ObjectRepo.LoginPage.getPaaswordTextField(LoginPage.java:37)
at ObjectRepo.LoginPage.getPaaswordTextField(LoginPage.java:37)
at ObjectRepo.LoginPage.getPaaswordTextField(LoginPage.java:37)
at ObjectRepo.LoginPage.getPaaswordTextField(LoginPage.java:37)
at ObjectRepo.LoginPage.getPaaswordTextField(LoginPage.java:37)
at ObjectRepo.LoginPage.getPaaswordTextField(LoginPage.java:37)
at ObjectRepo.LoginPage.getPaaswordTextField(LoginPage.java:37)
at ObjectRepo.LoginPage.getPaaswordTextField(LoginPage.java:37)
at ObjectRepo.LoginPage.getPaaswordTextField(LoginPage.java:37)
at ObjectRepo.LoginPage.getPaaswordTextField(LoginPage.java:37)
at ObjectRepo.LoginPage.getPaaswordTextField(LoginPage.java:37)
at ObjectRepo.LoginPage.getPaaswordTextField(LoginPage.java:37)
at ObjectRepo.LoginPage.getPaaswordTextField(LoginPage.java:37)
at ObjectRepo.LoginPage.getPaaswordTextField(LoginPage.java:37)
at ObjectRepo.LoginPage.getPaaswordTextField(LoginPage.java:37)
at ObjectRepo.LoginPage.getPaaswordTextField(LoginPage.java:37)
at ObjectRepo.LoginPage.getPaaswordTextField(LoginPage.java:37)
at ObjectRepo.LoginPage.getPaaswordTextField(LoginPage.java:37)
at ObjectRepo.LoginPage.getPaaswordTextField(LoginPage.java:37)
at ObjectRepo.LoginPage.getPaaswordTextField(LoginPage.java:37)
at ObjectRepo.LoginPage.getPaaswordTextField(LoginPage.java:37)
at ObjectRepo.LoginPage.getPaaswordTextField(LoginPage.java:37)
at ObjectRepo.LoginPage.getPaaswordTextField(LoginPage.java:37)
at ObjectRepo.LoginPage.getPaaswordTextField(LoginPage.java:37)
at ObjectRepo.LoginPage.getPaaswordTextField(LoginPage.java:37)
at ObjectRepo.LoginPage.getPaaswordTextField(LoginPage.java:37)
at ObjectRepo.LoginPage.getPaaswordTextField(LoginPage.java:37)
at ObjectRepo.LoginPage.getPaaswordTextField(LoginPage.java:37)
at ObjectRepo.LoginPage.getPaaswordTextField(LoginPage.java:37)
at ObjectRepo.LoginPage.getPaaswordTextField(LoginPage.java:37)
at ObjectRepo.LoginPage.getPaaswordTextField(LoginPage.java:37)
at ObjectRepo.LoginPage.getPaaswordTextField(LoginPage.java:37)
at ObjectRepo.LoginPage.getPaaswordTextField(LoginPage.java:37)
at ObjectRepo.LoginPage.getPaaswordTextField(LoginPage.java:37)
at ObjectRepo.LoginPage.getPaaswordTextField(LoginPage.java:37)
at ObjectRepo.LoginPage.getPaaswordTextField(LoginPage.java:37)
at ObjectRepo.LoginPage.getPaaswordTextField(LoginPage.java:37)
at ObjectRepo.LoginPage.getPaaswordTextField(LoginPage.java:37)
at ObjectRepo.LoginPage.getPaaswordTextField(LoginPage.java:37)
at ObjectRepo.LoginPage.getPaaswordTextField(LoginPage.java:37)
at ObjectRepo.LoginPage.getPaaswordTextField(LoginPage.java:37)
at ObjectRepo.LoginPage.getPaaswordTextField(LoginPage.java:37)
at ObjectRepo.LoginPage.getPaaswordTextField(LoginPage.java:37)
at ObjectRepo.LoginPage.getPaaswordTextField(LoginPage.java:37)
at ObjectRepo.LoginPage.getPaaswordTextField(LoginPage.java:37)
at ObjectRepo.LoginPage.getPaaswordTextField(LoginPage.java:37)
at ObjectRepo.LoginPage.getPaaswordTextField(LoginPage.java:37)
at ObjectRepo.LoginPage.getPaaswordTextField(LoginPage.java:37)
at ObjectRepo.LoginPage.getPaaswordTextField(LoginPage.java:37)
at ObjectRepo.LoginPage.getPaaswordTextField(LoginPage.java:37)
at ObjectRepo.LoginPage.getPaaswordTextField(LoginPage.java:37)
at ObjectRepo.LoginPage.getPaaswordTextField(LoginPage.java:37)
at ObjectRepo.LoginPage.getPaaswordTextField(LoginPage.java:37)
at ObjectRepo.LoginPage.getPaaswordTextField(LoginPage.java:37)
at ObjectRepo.LoginPage.getPaaswordTextField(LoginPage.java:37)
at ObjectRepo.LoginPage.getPaaswordTextField(LoginPage.java:37)
at ObjectRepo.LoginPage.getPaaswordTextField(LoginPage.java:37)
at ObjectRepo.LoginPage.getPaaswordTextField(LoginPage.java:37)
at ObjectRepo.LoginPage.getPaaswordTextField(LoginPage.java:37)
at ObjectRepo.LoginPage.getPaaswordTextField(LoginPage.java:37)
at ObjectRepo.LoginPage.getPaaswordTextField(LoginPage.java:37)
at ObjectRepo.LoginPage.getPaaswordTextField(LoginPage.java:37)
at ObjectRepo.LoginPage.getPaaswordTextField(LoginPage.java:37)
at ObjectRepo.LoginPage.getPaaswordTextField(LoginPage.java:37)
at ObjectRepo.LoginPage.getPaaswordTextField(LoginPage.java:37)
at ObjectRepo.LoginPage.getPaaswordTextField(LoginPage.java:37)
at ObjectRepo.LoginPage.getPaaswordTextField(LoginPage.java:37)
at ObjectRepo.LoginPage.getPaaswordTextField(LoginPage.java:37)
at ObjectRepo.LoginPage.getPaaswordTextField(LoginPage.java:37)
at ObjectRepo.LoginPage.getPaaswordTextField(LoginPage.java:37)
at ObjectRepo.LoginPage.getPaaswordTextField(LoginPage.java:37)
at ObjectRepo.LoginPage.getPaaswordTextField(LoginPage.java:37)
at ObjectRepo.LoginPage.getPaaswordTextField(LoginPage.java:37)
at ObjectRepo.LoginPage.getPaaswordTextField(LoginPage.java:37)
at ObjectRepo.LoginPage.getPaaswordTextField(LoginPage.java:37)
at ObjectRepo.LoginPage.getPaaswordTextField(LoginPage.java:37)
at ObjectRepo.LoginPage.getPaaswordTextField(LoginPage.java:37)
at ObjectRepo.LoginPage.getPaaswordTextField(LoginPage.java:37)
at ObjectRepo.LoginPage.getPaaswordTextField(LoginPage.java:37)
at ObjectRepo.LoginPage.getPaaswordTextField(LoginPage.java:37)
at ObjectRepo.LoginPage.getPaaswordTextField(LoginPage.java:37)
at ObjectRepo.LoginPage.getPaaswordTextField(LoginPage.java:37)
at ObjectRepo.LoginPage.getPaaswordTextField(LoginPage.java:37)
at ObjectRepo.LoginPage.getPaaswordTextField(LoginPage.java:37)
at ObjectRepo.LoginPage.getPaaswordTextField(LoginPage.java:37)
at ObjectRepo.LoginPage.getPaaswordTextField(LoginPage.java:37)
at ObjectRepo.LoginPage.getPaaswordTextField(LoginPage.java:37)
at ObjectRepo.LoginPage.getPaaswordTextField(LoginPage.java:37)
at ObjectRepo.LoginPage.getPaaswordTextField(LoginPage.java:37)
at ObjectRepo.LoginPage.getPaaswordTextField(LoginPage.java:37)
at ObjectRepo.LoginPage.getPaaswordTextField(LoginPage.java:37)
at ObjectRepo.LoginPage.getPaaswordTextField(LoginPage.java:37)
at ObjectRepo.LoginPage.getPaaswordTextField(LoginPage.java:37)
at ObjectRepo.LoginPage.getPaaswordTextField(LoginPage.java:37)
at ObjectRepo.LoginPage.getPaaswordTextField(LoginPage.java:37)
at ObjectRepo.LoginPage.getPaaswordTextField(LoginPage.java:37)
at ObjectRepo.LoginPage.getPaaswordTextField(LoginPage.java:37)
]]>
    </error>
  </testcase> <!-- loginOperation -->
  <testcase classname="Practice.TC_004" name="CON_001" time="0.000">
    <skipped/>
  </testcase> <!-- CON_001 -->
</testsuite> <!-- Practice.TC_004 -->
