<?xml version="1.0" encoding="UTF-8"?>
<!-- Generated by org.testng.reporters.JUnitReportReporter -->
<testsuite hostname="LakshmananE" failures="0" tests="5" name="Practice.carEnginee" time="0.046" errors="0" timestamp="2025-09-11T23:48:15 IST" skipped="0">
  <testcase classname="Practice.carEnginee" name="startTheEngine" time="0.005"/>
  <system-out/>
  <testcase classname="Practice.carEnginee" name="firstTestCase" time="0.030"/>
  <system-out/>
  <testcase classname="Practice.carEnginee" name="secondTestCase" time="0.004"/>
  <system-out/>
  <testcase classname="Practice.carEnginee" name="thirdTestCase" time="0.003"/>
  <system-out/>
  <testcase classname="Practice.carEnginee" name="fourTestCase" time="0.004"/>
  <system-out/>
</testsuite> <!-- Practice.carEnginee -->
