<?xml version="1.0" encoding="UTF-8"?>
<!-- Generated by org.testng.reporters.JUnitReportReporter -->
<testsuite hostname="LakshmananE" failures="0" tests="5" name="Practice.TestNGPractise" time="0.043" errors="0" timestamp="2025-08-28T09:36:49 IST" skipped="0">
  <testcase classname="Practice.TestNGPractise" name="CreateUser" time="0.003"/>
  <testcase classname="Practice.TestNGPractise" name="CreateUser" time="0.005"/>
  <testcase classname="Practice.TestNGPractise" name="CreateUser" time="0.003"/>
  <testcase classname="Practice.TestNGPractise" name="ModifyUser" time="0.028"/>
  <testcase classname="Practice.TestNGPractise" name="DeleteUser" time="0.004"/>
</testsuite> <!-- Practice.TestNGPractise -->
